C51 COMPILER V9.60.0.0   KEY                                                               12/13/2022 23:25:53 PAGE 1   


C51 COMPILER V9.60.0.0, COMPILATION OF MODULE KEY
OBJECT MODULE PLACED IN .\Objects\key.obj
COMPILER INVOKED BY: E:\Keil_v5\C51\BIN\C51.EXE key.c OPTIMIZE(8,SPEED) BROWSE DEBUG OBJECTEXTEND PRINT(.\Listings\key.l
                    -st) OBJECT(.\Objects\key.obj)

line level    source

   1          #include "key.h"
   2          typedef unsigned char u8;
   3          //mode=1 支持长按  mode=0 不支持长安
   4          //0 没有按键按下 1是key1 2是key2
   5          void delay(u16 i)
   6          {
   7   1          while(i--);
   8   1      }
   9          u8 KEY_Scan()
  10          {
  11   1          if(KEY1==0)
  12   1          {
  13   2              delay(100);
  14   2              if(KEY1==0)
  15   2                      {
  16   3                              delay(100);
  17   3                              while(KEY1==0);
  18   3                              return KEY1_PRESS;
  19   3                      } 
  20   2          }
  21   1          if(KEY2==0) 
  22   1              {
  23   2              delay(100);
  24   2              if(KEY2==0)
  25   2                      {
  26   3                              delay(100);
  27   3                              while(KEY2==0);
  28   3                              return KEY2_PRESS;
  29   3                      } 
  30   2          }
  31   1              if(KEY3==0) 
  32   1              {
  33   2              delay(100);
  34   2              if(KEY3==0)
  35   2                      {
  36   3                              delay(100);
  37   3                              while(KEY3==0);
  38   3                              return KEY3_PRESS;
  39   3                      } 
  40   2          }
  41   1          return 0;//无按键按下
  42   1      }


MODULE INFORMATION:   STATIC OVERLAYABLE
   CODE SIZE        =     72    ----
   CONSTANT SIZE    =   ----    ----
   XDATA SIZE       =   ----    ----
   PDATA SIZE       =   ----    ----
   DATA SIZE        =   ----    ----
   IDATA SIZE       =   ----    ----
   BIT SIZE         =   ----    ----
END OF MODULE INFORMATION.


C51 COMPILATION COMPLETE.  0 WARNING(S),  0 ERROR(S)
