C51 COMPILER V9.60.0.0   MAIN                                                              12/15/2022 00:21:31 PAGE 1   


C51 COMPILER V9.60.0.0, COMPILATION OF MODULE MAIN
OBJECT MODULE PLACED IN .\Objects\main.obj
COMPILER INVOKED BY: E:\Keil_v5\C51\BIN\C51.EXE main.c OPTIMIZE(8,SPEED) BROWSE DEBUG OBJECTEXTEND PRINT(.\Listings\main
                    -.lst) OBJECT(.\Objects\main.obj)

line level    source

   1          #include "reg52.h"
   2          #include "lcd.h"
   3          #include "usart.h"
   4          #include "key.h"
   5          
   6          extern u8 allData[8][10];
   7          u8 n=0,m;
   8          
   9          void main(void)
  10          {
  11   1          u8 i;
  12   1          u8 key;
  13   1          beep=0;  //¾²Òô·äÃùÆ÷
  14   1          LcdInit();
  15   1          delay(100);
  16   1          UART_Init();
  17   1      
  18   1          while(1)
  19   1          {
  20   2              key=KEY_Scan(); 
  21   2              switch(key)
  22   2              {
  23   3              case KEY1_PRESS:
  24   3                  if(n==0)
  25   3                      n=8;
  26   3                              n--;
  27   3                  if(n==7)
  28   3                      m=0;
  29   3                  else
  30   3                      m=n+1;
  31   3      
  32   3                  LcdWriteCom(0x80);
  33   3                              LcdWriteData(n+'0');
  34   3                              LcdWriteData(' ');
  35   3                  for(i=0; i<10; i++)
  36   3                  {
  37   4                      LcdWriteData(allData[n][i]);
  38   4                  }
  39   3                  LcdWriteCom(0x80+0x40);
  40   3                              LcdWriteData(m+'0');
  41   3                              LcdWriteData(' ');
  42   3                  for(i=0; i<10; i++)
  43   3                  {
  44   4                      LcdWriteData(allData[m][i]);
  45   4                  }
  46   3                  break;
  47   3                              
  48   3              case KEY2_PRESS:
  49   3                  n++;
  50   3                  if(n==8)
  51   3                      n=0;
  52   3                  if(n==7)
  53   3                      m=0;
  54   3                  else
C51 COMPILER V9.60.0.0   MAIN                                                              12/15/2022 00:21:31 PAGE 2   

  55   3                      m=n+1;
  56   3                              
  57   3                  LcdWriteCom(0x80);
  58   3                              LcdWriteData(n+'0');
  59   3                              LcdWriteData(' ');
  60   3                  for(i=0; i<10; i++)
  61   3                  {
  62   4                      LcdWriteData(allData[n][i]);
  63   4                  }
  64   3                  LcdWriteCom(0x80+0x40);
  65   3                              LcdWriteData(m+'0');
  66   3                              LcdWriteData(' ');
  67   3                  for(i=0; i<10; i++)
  68   3                  {
  69   4                      LcdWriteData(allData[m][i]);
  70   4                  }
  71   3                  break;
  72   3                              
  73   3              case KEY3_PRESS:
  74   3                  LcdWriteCom(0x01);
  75   3                  break;
  76   3              }
  77   2      
  78   2      
  79   2          };
  80   1      }


MODULE INFORMATION:   STATIC OVERLAYABLE
   CODE SIZE        =    307    ----
   CONSTANT SIZE    =   ----    ----
   XDATA SIZE       =   ----    ----
   PDATA SIZE       =   ----    ----
   DATA SIZE        =      2       1
   IDATA SIZE       =   ----    ----
   BIT SIZE         =   ----    ----
END OF MODULE INFORMATION.


C51 COMPILATION COMPLETE.  0 WARNING(S),  0 ERROR(S)
