C51 COMPILER V9.60.0.0   USART                                                             12/15/2022 00:30:47 PAGE 1   


C51 COMPILER V9.60.0.0, COMPILATION OF MODULE USART
OBJECT MODULE PLACED IN .\Objects\usart.obj
COMPILER INVOKED BY: E:\Keil_v5\C51\BIN\C51.EXE usart.c OPTIMIZE(8,SPEED) BROWSE DEBUG OBJECTEXTEND PRINT(.\Listings\usa
                    -rt.lst) OBJECT(.\Objects\usart.obj)

line level    source

   1          #include "usart.h"
   2          
   3          u8 receiveData[10],num=0,i,count=0;
   4          u8 allData[8][10];
   5          
   6          //串口初始化，设置波特率为4800，使用定时器1,晶振频率12Mhz
   7          void UART_Init()
   8          {
   9   1          SCON=0X50;                  //设置为工作方式1
  10   1          TMOD=0X20;                  //设置计数器1 工作方式2
  11   1          PCON=0X80;                  //波特率加倍
  12   1          TH1=0XF3;                   //计数器初始值设置，注意波特率是4800的
  13   1          TL1=0XF3;                   //重载值
  14   1          ES=1;                               //打开接收中断  从机接收
  15   1          EA=1;                               //打开总中断
  16   1          TR1=1;                              //打开计数器
  17   1      }
  18          
  19          
  20          void UART_Interrupt(void) interrupt 4 //串行中断服务程序
  21          {
  22   1          if (RI)//判断是接收中断产生
  23   1          {
  24   2              RI = 0; //标志位清零
  25   2              receiveData[num] = SBUF; //提取数据
  26   2              num++;
  27   2              if(num==10)
  28   2              {
  29   3                  num=0;
  30   3                  beep=~beep;
  31   3                  delay(50000);
  32   3                  beep=~beep;
  33   3                              
  34   3                              strcpy(allData[count],receiveData);
  35   3      
  36   3                  LcdWriteCom(0x80+0x40);
  37   3                              LcdWriteData(count+'0');
  38   3                              LcdWriteData(' ');
  39   3                  for(i=0; i<10; i++)
  40   3                  {
  41   4                      LcdWriteData(allData[count][i]);
  42   4                  }
  43   3      
  44   3                  if(count>0)
  45   3                  {
  46   4                      //第一行显示
  47   4                      LcdWriteCom(0x80);
  48   4                                      LcdWriteData(count-1+'0');
  49   4                                      LcdWriteData(' ');
  50   4                      for(i=0; i<10; i++)
  51   4                      {
  52   5                          LcdWriteData(allData[count-1][i]);
  53   5                      }
  54   4                  }
C51 COMPILER V9.60.0.0   USART                                                             12/15/2022 00:30:47 PAGE 2   

  55   3      
  56   3                  //接收到的数据个数
  57   3                              if(count==7)
  58   3                                      count=0;
  59   3                              else
  60   3                                      count++;
  61   3      
  62   3              }
  63   2          }
  64   1      }


MODULE INFORMATION:   STATIC OVERLAYABLE
   CODE SIZE        =    266    ----
   CONSTANT SIZE    =   ----    ----
   XDATA SIZE       =   ----    ----
   PDATA SIZE       =   ----    ----
   DATA SIZE        =     93    ----
   IDATA SIZE       =   ----    ----
   BIT SIZE         =   ----    ----
END OF MODULE INFORMATION.


C51 COMPILATION COMPLETE.  0 WARNING(S),  0 ERROR(S)
