C51 COMPILER V9.60.0.0   MAIN                                                              12/14/2022 15:44:46 PAGE 1   


C51 COMPILER V9.60.0.0, COMPILATION OF MODULE MAIN
OBJECT MODULE PLACED IN .\Objects\main.obj
COMPILER INVOKED BY: E:\Keil_v5\C51\BIN\C51.EXE main.c OPTIMIZE(8,SPEED) BROWSE DEBUG OBJECTEXTEND PRINT(.\Listings\main
                    -.lst) OBJECT(.\Objects\main.obj)

line level    source

   1          #include "reg52.h"                       
   2          #include "lcd.h"
   3          #include "usart.h"
   4          #include "key.h"
   5          #include "stdlib.h"
   6          
   7          u8 CHAR[]="      CHAR";
   8          u8 DIGIT[]="      DIGIT";
   9          u8 send[10]={0};//发送字符串
  10          u8 flag=0;      //0为字符模式 1为数字模式
  11          
  12          //产生随机字符
  13          char* getRandomString(u8 string[],u8 length,u8 flag)
  14          {
  15   1              u8 i;
  16   1              srand(TL1);
  17   1              if(!flag)
  18   1              {
  19   2                      for (i = 0; i < length; i++)
  20   2                      {
  21   3                              flag = rand() % 2;
  22   3                              switch (flag)
  23   3                              {
  24   4                                      case 0:
  25   4                                              string[i] = 'A' + rand() % 26;
  26   4                                              break;
  27   4                                      case 1:
  28   4                                              string[i] = 'a' + rand() % 26;
  29   4                                              break;
  30   4                              }
  31   3                      }
  32   2                      return string;  
  33   2              }
  34   1              else
  35   1              {
  36   2                      for (i = 0; i < length; i++)
  37   2                      {
  38   3                              string[i] = '0' + rand() % 10;
  39   3                      }
  40   2                      return string;
  41   2              }
  42   1      
  43   1      }
  44          
  45          
  46          void main(void)
  47          {
  48   1              u8 i;
  49   1              u8 key;
  50   1              LcdInit();
  51   1              UART_Init();
  52   1              for(i=0;i<sizeof(CHAR)/sizeof(CHAR[0]);i++)
  53   1              {
  54   2                      LcdWriteData(CHAR[i]);  
C51 COMPILER V9.60.0.0   MAIN                                                              12/14/2022 15:44:46 PAGE 2   

  55   2              }
  56   1              while(1)
  57   1              {
  58   2                      key=KEY_Scan();
  59   2              switch(key)
  60   2              {
  61   3                              case KEY1_PRESS:
  62   3                                      flag=~flag;
  63   3                                      if(!flag)
  64   3                                      {
  65   4                                              LcdWriteCom(0x80);
  66   4                                              for(i=0;i<sizeof(CHAR)/sizeof(CHAR[0]);i++)
  67   4                                              {
  68   5                                                      LcdWriteData(CHAR[i]);  
  69   5                                              }
  70   4                                              getRandomString(send,10,flag);
  71   4                                              LcdWriteCom(0x80+0x40);
  72   4                                              for(i=0;i<sizeof(send)/sizeof(send[0]);i++)
  73   4                                              {
  74   5                                                      LcdWriteData(send[i]);  
  75   5                                              }
  76   4                                      }
  77   3                                      else
  78   3                                      {
  79   4                                              LcdWriteCom(0x80);
  80   4                                              for(i=0;i<sizeof(DIGIT)/sizeof(DIGIT[0]);i++)
  81   4                                              {
  82   5                                                      LcdWriteData(DIGIT[i]); 
  83   5                                              }
  84   4                                              getRandomString(send,10,flag);
  85   4                                              LcdWriteCom(0x80+0x40);
  86   4                                              for(i=0;i<sizeof(send)/sizeof(send[0]);i++)
  87   4                                              {
  88   5                                                      LcdWriteData(send[i]);  
  89   5                                              }
  90   4                                      }
  91   3                                      break;
  92   3                              case KEY2_PRESS:
  93   3                                      if(send[0]!=0)
  94   3                                              UART_SendStr(send,sizeof(send)/sizeof(send[0]));
  95   3                                      break;
  96   3              }
  97   2              };                              
  98   1      }


MODULE INFORMATION:   STATIC OVERLAYABLE
   CODE SIZE        =    372    ----
   CONSTANT SIZE    =   ----    ----
   XDATA SIZE       =   ----    ----
   PDATA SIZE       =   ----    ----
   DATA SIZE        =     34       7
   IDATA SIZE       =   ----    ----
   BIT SIZE         =   ----    ----
END OF MODULE INFORMATION.


C51 COMPILATION COMPLETE.  0 WARNING(S),  0 ERROR(S)
