C51 COMPILER V9.60.0.0   USART                                                             12/13/2022 23:45:51 PAGE 1   


C51 COMPILER V9.60.0.0, COMPILATION OF MODULE USART
OBJECT MODULE PLACED IN .\Objects\usart.obj
COMPILER INVOKED BY: E:\Keil_v5\C51\BIN\C51.EXE usart.c OPTIMIZE(8,SPEED) BROWSE DEBUG OBJECTEXTEND PRINT(.\Listings\usa
                    -rt.lst) OBJECT(.\Objects\usart.obj)

line level    source

   1          #include "reg52.h"
   2          #include "usart.h"
   3          //串口初始化，设置波特率为4800，使用定时器1,晶振频率12Mhz
   4          
   5          void UART_Init()
   6          {
   7   1          SCON=0X50;                  //设置为工作方式1
   8   1          TMOD=0X20;                  //设置计数器1 工作方式2
   9   1          PCON=0X80;                  //波特率加倍
  10   1          TH1=0XF3;                   //计数器初始值设置，注意波特率是4800的
  11   1          TL1=0XF3;                   //重载值
  12   1          ES=0;                               //关闭接收中断  主机只发送
  13   1          EA=1;                               //打开总中断
  14   1          TR1=1;                              //打开计数器
  15   1      }
  16          void UART_Send_Data(u8 byte)
  17          {
  18   1          SBUF=byte;
  19   1          while(!TI);         //等待串口数据发送完毕
  20   1          TI=0;                       //将发送中断标志位清0，为下次发送数据做准备
  21   1      }
  22          
  23          void UART_SendStr(u8 *s,u8 length)
  24          {
  25   1              u8 num = 0x00;
  26   1              while (num < length) //发送长度对比
  27   1              {
  28   2                      UART_Send_Data(*s);//放松单字节数据
  29   2                      s++;                      //指针++
  30   2                      num++;                    //下一个++
  31   2              }
  32   1      }


MODULE INFORMATION:   STATIC OVERLAYABLE
   CODE SIZE        =     55    ----
   CONSTANT SIZE    =   ----    ----
   XDATA SIZE       =   ----    ----
   PDATA SIZE       =   ----    ----
   DATA SIZE        =   ----    ----
   IDATA SIZE       =   ----    ----
   BIT SIZE         =   ----    ----
END OF MODULE INFORMATION.


C51 COMPILATION COMPLETE.  0 WARNING(S),  0 ERROR(S)
